[INFO] Scanning for projects...
[INFO]                                                                         
[INFO] ------------------------------------------------------------------------
[INFO] Building generate-constants Platform Jar Module - SDK 3 1.0-SNAPSHOT
[INFO] ------------------------------------------------------------------------
[INFO] 
[INFO] --- aconfgen-maven-plugin:0.1:gen-const (default) @ generate-constants ---
[INFO] http://www.acme.org/model/content/1.0 acme:documentId
[INFO] {http://www.alfresco.org/model/content/1.0}name
[INFO] {http://www.alfresco.org/model/content/1.0}content
[INFO] {http://www.acme.org/model/content/1.0}documentId
[INFO] 
[INFO] --- maven-resources-plugin:3.0.1:resources (default-resources) @ generate-constants ---
[INFO] Using 'UTF-8' encoding to copy filtered resources.
[INFO] Copying 13 resources
[INFO] 
[INFO] --- jrebel-maven-plugin:1.1.6:generate (generate-rebel-xml) @ generate-constants ---
[INFO] Processing com.itdhq.aconfgen.test:generate-constants with packaging jar
[INFO] 
[INFO] --- maven-compiler-plugin:3.1:compile (default-compile) @ generate-constants ---
[INFO] Changes detected - recompiling the module!
[INFO] Compiling 3 source files to /home/lx/work/itd/aconfgen-maven-plugin/src/it/generate-constants/target/classes
[INFO] -------------------------------------------------------------
[ERROR] COMPILATION ERROR : 
[INFO] -------------------------------------------------------------
[ERROR] /home/lx/work/itd/aconfgen-maven-plugin/src/it/generate-constants/src/main/java/com/itdhq/aconfgen/test/platformsample/DemoComponent.java:[82,39] cannot find symbol
  symbol:   variable ContentModel
  location: class com.itdhq.aconfgen.test.platformsample.DemoComponent
[INFO] 1 error
[INFO] -------------------------------------------------------------
[INFO] ------------------------------------------------------------------------
[INFO] BUILD FAILURE
[INFO] ------------------------------------------------------------------------
[INFO] Total time: 4.332 s
[INFO] Finished at: 2017-05-08T17:50:54+03:00
[INFO] Final Memory: 40M/326M
[INFO] ------------------------------------------------------------------------
[ERROR] Failed to execute goal org.apache.maven.plugins:maven-compiler-plugin:3.1:compile (default-compile) on project generate-constants: Compilation failure
[ERROR] /home/lx/work/itd/aconfgen-maven-plugin/src/it/generate-constants/src/main/java/com/itdhq/aconfgen/test/platformsample/DemoComponent.java:[82,39] cannot find symbol
[ERROR] symbol:   variable ContentModel
[ERROR] location: class com.itdhq.aconfgen.test.platformsample.DemoComponent
[ERROR] -> [Help 1]
[ERROR] 
[ERROR] To see the full stack trace of the errors, re-run Maven with the -e switch.
[ERROR] Re-run Maven using the -X switch to enable full debug logging.
[ERROR] 
[ERROR] For more information about the errors and possible solutions, please read the following articles:
[ERROR] [Help 1] http://cwiki.apache.org/confluence/display/MAVEN/MojoFailureException
